<?xml version="1.0" encoding="UTF-8"?>
<!-- Generated by org.testng.reporters.JUnitReportReporter -->
<testsuite hostname="INLEN8520069361" failures="0" tests="1" name="TestNgTraining.Tests.ErrorValidation" time="3.904" errors="0" timestamp="2024-03-04T13:24:44 IST" skipped="0">
  <testcase classname="TestNgTraining.Tests.ErrorValidation" name="SubmitOrder" time="3.904"/>
  <system-out/>
</testsuite> <!-- TestNgTraining.Tests.ErrorValidation -->
