<?xml version="1.0" encoding="UTF-8"?>
<!-- Generated by org.testng.reporters.JUnitReportReporter -->
<testsuite hostname="INLEN8520069361" failures="0" tests="1" name="TestNgTraining.Tests.ErrorValidationTest" time="3.737" errors="0" timestamp="2024-03-04T15:28:48 IST" skipped="0">
  <testcase classname="TestNgTraining.Tests.ErrorValidationTest" name="SubmitOrder" time="3.737"/>
  <system-out/>
</testsuite> <!-- TestNgTraining.Tests.ErrorValidationTest -->
