<?xml version="1.0" encoding="UTF-8"?>
<!-- Generated by org.testng.reporters.JUnitReportReporter -->
<testsuite hostname="INLEN8520069361" failures="0" tests="2" name="com.testNGtest.SauceTestng" time="0.641" errors="0" timestamp="2023-01-03T12:22:35 IST" skipped="0">
  <testcase classname="com.testNGtest.SauceTestng" name="logout" time="0.007"/>
  <system-out/>
  <testcase classname="com.testNGtest.SauceTestng" name="TestLogin" time="0.634"/>
  <system-out/>
</testsuite> <!-- com.testNGtest.SauceTestng -->
