<?xml version="1.0" encoding="UTF-8"?>
<!-- Generated by org.testng.reporters.JUnitReportReporter -->
<testsuite hostname="INLEN8520069361" failures="0" tests="3" name="com.testNGtest.testNG1" time="3.782" errors="0" timestamp="2022-12-31T12:18:35 IST" skipped="0">
  <testcase classname="com.testNGtest.testNG1" name="B" time="0.178"/>
  <system-out/>
  <testcase classname="com.testNGtest.testNG1" name="C" time="0.081"/>
  <system-out/>
  <testcase classname="com.testNGtest.testNG1" name="A" time="3.523"/>
  <system-out/>
</testsuite> <!-- com.testNGtest.testNG1 -->
