<?xml version="1.0" encoding="UTF-8"?>
<!-- Generated by org.testng.reporters.JUnitReportReporter -->
<testsuite hostname="INLEN8520069361" failures="0" tests="1" name="com.sauce.test.LoginVerifyTest" time="7.243" errors="0" timestamp="2023-01-02T15:26:23 IST" skipped="0">
  <testcase classname="com.sauce.test.LoginVerifyTest" name="VerifyLogsauce" time="7.243"/>
  <system-out/>
</testsuite> <!-- com.sauce.test.LoginVerifyTest -->
