<?xml version="1.0" encoding="UTF-8"?>
<!-- Generated by org.testng.reporters.JUnitReportReporter -->
<testsuite hostname="INLEN8520069361" failures="0" tests="1" name="com.sauce.test.VerifyLogPf" time="3.009" errors="0" timestamp="2023-01-02T16:32:41 IST" skipped="0">
  <testcase classname="com.sauce.test.VerifyLogPf" name="checklog" time="3.009"/>
  <system-out/>
</testsuite> <!-- com.sauce.test.VerifyLogPf -->
