<?xml version="1.0" encoding="UTF-8"?>
<!-- Generated by org.testng.reporters.JUnitReportReporter -->
<testsuite hostname="INLEN8520069361" failures="0" tests="4" name="com.testNGtest.DataProvider2" time="109.459" errors="0" timestamp="2023-01-03T14:26:02 IST" skipped="0">
  <testcase classname="com.testNGtest.DataProvider2" name="TestLogin" time="27.850"/>
  <system-out/>
  <testcase classname="com.testNGtest.DataProvider2" name="TestLogin" time="28.052"/>
  <system-out/>
  <testcase classname="com.testNGtest.DataProvider2" name="TestLogin" time="26.724"/>
  <system-out/>
  <testcase classname="com.testNGtest.DataProvider2" name="TestLogin" time="26.833"/>
  <system-out/>
</testsuite> <!-- com.testNGtest.DataProvider2 -->
