<?xml version="1.0" encoding="UTF-8"?>
<!-- Generated by org.testng.reporters.JUnitReportReporter -->
<testsuite hostname="INLEN8520069361" failures="0" tests="2" name="com.testNGtest.NewFirstTest" time="3.203" errors="0" timestamp="2023-01-03T09:26:34 IST" skipped="0">
  <testcase classname="com.testNGtest.NewFirstTest" name="LoginMethod" time="2.934"/>
  <system-out/>
  <testcase classname="com.testNGtest.NewFirstTest" name="SearchMethod" time="0.269"/>
  <system-out/>
</testsuite> <!-- com.testNGtest.NewFirstTest -->
