<?xml version="1.0" encoding="UTF-8"?>
<!-- Generated by org.testng.reporters.JUnitReportReporter -->
<testsuite hostname="INLEN8520069361" failures="0" tests="1" name="com.saucelabs.saucelabs.SauceTestOR" time="3.601" errors="0" timestamp="2023-01-03T16:09:25 IST" skipped="0">
  <testcase classname="com.saucelabs.saucelabs.SauceTestOR" name="TestOR" time="3.601"/>
  <system-out/>
</testsuite> <!-- com.saucelabs.saucelabs.SauceTestOR -->
