<?xml version="1.0" encoding="UTF-8"?>
<!-- Generated by org.testng.reporters.JUnitReportReporter -->
<testsuite hostname="INLEN8520069361" failures="0" tests="3" name="com.testNGtest.ThirdNewTest" time="0.010" errors="0" timestamp="2023-01-03T10:31:57 IST" skipped="0">
  <testcase classname="com.testNGtest.ThirdNewTest" name="TestOne" time="0.001"/>
  <system-out/>
  <testcase classname="com.testNGtest.ThirdNewTest" name="TestOne" time="0.008"/>
  <system-out/>
  <testcase classname="com.testNGtest.ThirdNewTest" name="TestOne" time="0.001"/>
  <system-out/>
</testsuite> <!-- com.testNGtest.ThirdNewTest -->
