<?xml version="1.0" encoding="UTF-8"?>
<!-- Generated by org.testng.reporters.JUnitReportReporter -->
<testsuite hostname="INLEN8520069361" failures="0" tests="2" name="com.testNGtest.MultiBrowser" time="1.961" errors="0" timestamp="2023-01-03T13:25:38 IST" skipped="0">
  <testcase classname="com.testNGtest.MultiBrowser" name="image" time="0.762"/>
  <system-out/>
  <testcase classname="com.testNGtest.MultiBrowser" name="image" time="1.199"/>
  <system-out/>
</testsuite> <!-- com.testNGtest.MultiBrowser -->
